{"total": {"lines":{"total":448,"covered":0,"skipped":0,"pct":0},"statements":{"total":456,"covered":0,"skipped":0,"pct":0},"functions":{"total":79,"covered":0,"skipped":0,"pct":0},"branches":{"total":251,"covered":0,"skipped":0,"pct":0},"branchesTrue":{"total":0,"covered":0,"skipped":0,"pct":"Unknown"}}
,"C:\\Users\\JOTEL\\Desktop\\SoroTask\\keeper\\src\\concurrency.js": {"lines":{"total":50,"covered":0,"skipped":0,"pct":0},"functions":{"total":8,"covered":0,"skipped":0,"pct":0},"statements":{"total":51,"covered":0,"skipped":0,"pct":0},"branches":{"total":26,"covered":0,"skipped":0,"pct":0}}
,"C:\\Users\\JOTEL\\Desktop\\SoroTask\\keeper\\src\\logger.js": {"lines":{"total":33,"covered":0,"skipped":0,"pct":0},"functions":{"total":18,"covered":0,"skipped":0,"pct":0},"statements":{"total":33,"covered":0,"skipped":0,"pct":0},"branches":{"total":20,"covered":0,"skipped":0,"pct":0}}
,"C:\\Users\\JOTEL\\Desktop\\SoroTask\\keeper\\src\\poller.js": {"lines":{"total":121,"covered":0,"skipped":0,"pct":0},"functions":{"total":12,"covered":0,"skipped":0,"pct":0},"statements":{"total":122,"covered":0,"skipped":0,"pct":0},"branches":{"total":62,"covered":0,"skipped":0,"pct":0}}
,"C:\\Users\\JOTEL\\Desktop\\SoroTask\\keeper\\src\\queue.js": {"lines":{"total":110,"covered":0,"skipped":0,"pct":0},"functions":{"total":16,"covered":0,"skipped":0,"pct":0},"statements":{"total":111,"covered":0,"skipped":0,"pct":0},"branches":{"total":39,"covered":0,"skipped":0,"pct":0}}
,"C:\\Users\\JOTEL\\Desktop\\SoroTask\\keeper\\src\\registry.js": {"lines":{"total":72,"covered":0,"skipped":0,"pct":0},"functions":{"total":12,"covered":0,"skipped":0,"pct":0},"statements":{"total":74,"covered":0,"skipped":0,"pct":0},"branches":{"total":44,"covered":0,"skipped":0,"pct":0}}
,"C:\\Users\\JOTEL\\Desktop\\SoroTask\\keeper\\src\\retry.js": {"lines":{"total":62,"covered":0,"skipped":0,"pct":0},"functions":{"total":13,"covered":0,"skipped":0,"pct":0},"statements":{"total":65,"covered":0,"skipped":0,"pct":0},"branches":{"total":60,"covered":0,"skipped":0,"pct":0}}
}
