TN:
SF:index.js
FN:10,main
FN:43,(anonymous_1)
FN:44,(anonymous_2)
FN:45,(anonymous_3)
FN:46,(anonymous_4)
FN:49,(anonymous_5)
FN:82,(anonymous_6)
FN:101,(anonymous_7)
FN:104,(anonymous_8)
FN:110,(anonymous_9)
FN:121,(anonymous_10)
FN:147,(anonymous_11)
FN:155,(anonymous_12)
FN:156,(anonymous_13)
FN:160,(anonymous_14)
FN:173,(anonymous_15)
FNF:16
FNH:0
FNDA:0,main
FNDA:0,(anonymous_1)
FNDA:0,(anonymous_2)
FNDA:0,(anonymous_3)
FNDA:0,(anonymous_4)
FNDA:0,(anonymous_5)
FNDA:0,(anonymous_6)
FNDA:0,(anonymous_7)
FNDA:0,(anonymous_8)
FNDA:0,(anonymous_9)
FNDA:0,(anonymous_10)
FNDA:0,(anonymous_11)
FNDA:0,(anonymous_12)
FNDA:0,(anonymous_13)
FNDA:0,(anonymous_14)
FNDA:0,(anonymous_15)
DA:1,0
DA:2,0
DA:3,0
DA:5,0
DA:6,0
DA:7,0
DA:8,0
DA:11,0
DA:14,0
DA:15,0
DA:16,0
DA:17,0
DA:19,0
DA:20,0
DA:24,0
DA:25,0
DA:27,0
DA:28,0
DA:31,0
DA:32,0
DA:35,0
DA:38,0
DA:41,0
DA:43,0
DA:44,0
DA:45,0
DA:46,0
DA:49,0
DA:50,0
DA:52,0
DA:53,0
DA:55,0
DA:61,0
DA:69,0
DA:72,0
DA:73,0
DA:76,0
DA:77,0
DA:78,0
DA:79,0
DA:81,0
DA:82,0
DA:83,0
DA:84,0
DA:87,0
DA:88,0
DA:90,0
DA:95,0
DA:96,0
DA:101,0
DA:103,0
DA:104,0
DA:108,0
DA:109,0
DA:110,0
DA:112,0
DA:113,0
DA:118,0
DA:119,0
DA:121,0
DA:122,0
DA:123,0
DA:126,0
DA:127,0
DA:130,0
DA:132,0
DA:133,0
DA:134,0
DA:136,0
DA:139,0
DA:142,0
DA:147,0
DA:148,0
DA:149,0
DA:150,0
DA:151,0
DA:152,0
DA:155,0
DA:156,0
DA:159,0
DA:160,0
DA:161,0
DA:162,0
DA:163,0
DA:164,0
DA:165,0
DA:168,0
DA:173,0
DA:174,0
DA:175,0
LF:90
LH:0
BRDA:63,0,0,0
BRDA:63,0,1,0
BRDA:76,1,0,0
BRDA:76,1,1,0
BRDA:81,2,0,0
BRDA:81,2,1,0
BRDA:87,3,0,0
BRDA:87,3,1,0
BRDA:103,4,0,0
BRDA:103,4,1,0
BRDA:109,5,0,0
BRDA:109,5,1,0
BRDA:132,6,0,0
BRDA:132,6,1,0
BRDA:164,7,0,0
BRDA:164,7,1,0
BRF:16
BRH:0
end_of_record
TN:
SF:test-cjs.js
FNF:0
FNH:0
DA:1,0
LF:1
LH:0
BRF:0
BRH:0
end_of_record
TN:
SF:test-esm.js
FNF:0
FNH:0
DA:1,0
LF:1
LH:0
BRF:0
BRH:0
end_of_record
TN:
SF:src/account.js
FN:13,initializeKeeperAccount
FN:51,(anonymous_1)
FN:71,getKeeperAccount
FN:78,loadAccount
FNF:4
FNH:0
FNDA:0,initializeKeeperAccount
FNDA:0,(anonymous_1)
FNDA:0,getKeeperAccount
FNDA:0,loadAccount
DA:1,1
DA:2,1
DA:14,0
DA:15,0
DA:16,0
DA:20,0
DA:21,0
DA:23,0
DA:26,0
DA:27,0
DA:29,0
DA:30,0
DA:33,0
DA:35,0
DA:38,0
DA:39,0
DA:44,0
DA:48,0
DA:49,0
DA:51,0
DA:52,0
DA:54,0
DA:55,0
DA:56,0
DA:57,0
DA:59,0
DA:63,0
DA:72,0
DA:79,0
DA:82,1
LF:30
LH:3
BRDA:15,0,0,0
BRDA:15,0,1,0
BRDA:29,1,0,0
BRDA:29,1,1,0
BRDA:38,2,0,0
BRDA:38,2,1,0
BRDA:38,3,0,0
BRDA:38,3,1,0
BRDA:48,4,0,0
BRDA:48,4,1,0
BRDA:52,5,0,0
BRDA:52,5,1,0
BRDA:54,6,0,0
BRDA:54,6,1,0
BRDA:56,7,0,0
BRDA:56,7,1,0
BRF:16
BRH:0
end_of_record
TN:
SF:src/config.js
FN:5,loadConfig
FN:14,(anonymous_1)
FNF:2
FNH:0
FNDA:0,loadConfig
FNDA:0,(anonymous_1)
DA:3,0
DA:6,0
DA:14,0
DA:16,0
DA:17,0
DA:22,0
LF:6
LH:0
BRDA:16,0,0,0
BRDA:16,0,1,0
BRDA:28,1,0,0
BRDA:28,1,1,0
BRF:4
BRH:0
end_of_record
TN:
SF:src/executor.js
FN:3,createExecutor
FN:5,(anonymous_1)
FN:6,(anonymous_2)
FNF:3
FNH:0
FNDA:0,createExecutor
FNDA:0,(anonymous_1)
FNDA:0,(anonymous_2)
DA:4,0
DA:6,0
DA:7,0
LF:3
LH:0
BRF:0
BRH:0
end_of_record
TN:
SF:src/gasMonitor.js
FN:4,(anonymous_0)
FN:20,(anonymous_1)
FN:53,(anonymous_2)
FN:94,(anonymous_3)
FN:98,(anonymous_4)
FNF:5
FNH:0
FNDA:0,(anonymous_0)
FNDA:0,(anonymous_1)
FNDA:0,(anonymous_2)
FNDA:0,(anonymous_3)
FNDA:0,(anonymous_4)
DA:5,0
DA:7,0
DA:10,0
DA:12,0
DA:15,0
DA:16,0
DA:17,0
DA:21,0
DA:22,0
DA:24,0
DA:26,0
DA:27,0
DA:28,0
DA:29,0
DA:30,0
DA:31,0
DA:34,0
DA:35,0
DA:39,0
DA:40,0
DA:46,0
DA:47,0
DA:50,0
DA:54,0
DA:55,0
DA:57,0
DA:59,0
DA:60,0
DA:67,0
DA:75,0
DA:76,0
DA:79,0
DA:81,0
DA:87,0
DA:95,0
DA:99,0
LF:36
LH:0
BRDA:8,0,0,0
BRDA:8,0,1,0
BRDA:10,1,0,0
BRDA:10,1,1,0
BRDA:13,2,0,0
BRDA:13,2,1,0
BRDA:22,3,0,0
BRDA:22,3,1,0
BRDA:26,4,0,0
BRDA:26,4,1,0
BRDA:26,5,0,0
BRDA:26,5,1,0
BRDA:29,6,0,0
BRDA:29,6,1,0
BRDA:29,7,0,0
BRDA:29,7,1,0
BRDA:34,8,0,0
BRDA:34,8,1,0
BRDA:39,9,0,0
BRDA:39,9,1,0
BRDA:46,10,0,0
BRDA:46,10,1,0
BRDA:46,11,0,0
BRDA:46,11,1,0
BRDA:46,11,2,0
BRDA:57,12,0,0
BRDA:57,12,1,0
BRDA:57,13,0,0
BRDA:57,13,1,0
BRDA:75,14,0,0
BRDA:75,14,1,0
BRF:31
BRH:0
end_of_record
TN:
SF:src/logger.js
FN:1,createLogger
FN:3,(anonymous_1)
FN:6,(anonymous_2)
FN:9,(anonymous_3)
FNF:4
FNH:0
FNDA:0,createLogger
FNDA:0,(anonymous_1)
FNDA:0,(anonymous_2)
FNDA:0,(anonymous_3)
DA:2,0
DA:4,0
DA:7,0
DA:10,0
DA:11,0
LF:5
LH:0
BRDA:10,0,0,0
BRDA:10,0,1,0
BRF:2
BRH:0
end_of_record
TN:
SF:src/metrics.js
FN:8,(anonymous_0)
FN:29,(anonymous_1)
FN:35,(anonymous_2)
FN:42,(anonymous_3)
FN:49,(anonymous_4)
FN:58,(anonymous_5)
FN:65,(anonymous_6)
FN:82,(anonymous_7)
FN:94,(anonymous_8)
FN:95,(anonymous_9)
FN:106,(anonymous_10)
FN:117,(anonymous_11)
FN:127,(anonymous_12)
FN:146,(anonymous_13)
FN:150,(anonymous_14)
FN:154,(anonymous_15)
FN:158,(anonymous_16)
FNF:17
FNH:0
FNDA:0,(anonymous_0)
FNDA:0,(anonymous_1)
FNDA:0,(anonymous_2)
FNDA:0,(anonymous_3)
FNDA:0,(anonymous_4)
FNDA:0,(anonymous_5)
FNDA:0,(anonymous_6)
FNDA:0,(anonymous_7)
FNDA:0,(anonymous_8)
FNDA:0,(anonymous_9)
FNDA:0,(anonymous_10)
FNDA:0,(anonymous_11)
FNDA:0,(anonymous_12)
FNDA:0,(anonymous_13)
FNDA:0,(anonymous_14)
FNDA:0,(anonymous_15)
FNDA:0,(anonymous_16)
DA:9,0
DA:16,0
DA:21,0
DA:22,0
DA:24,0
DA:25,0
DA:26,0
DA:30,0
DA:31,0
DA:36,0
DA:37,0
DA:38,0
DA:39,0
DA:41,0
DA:42,0
DA:44,0
DA:45,0
DA:50,0
DA:51,0
DA:53,0
DA:54,0
DA:59,0
DA:66,0
DA:67,0
DA:69,0
DA:72,0
DA:83,0
DA:84,0
DA:85,0
DA:86,0
DA:90,0
DA:91,0
DA:95,0
DA:96,0
DA:97,0
DA:98,0
DA:99,0
DA:101,0
DA:102,0
DA:106,0
DA:107,0
DA:108,0
DA:111,0
DA:118,0
DA:121,0
DA:123,0
DA:124,0
DA:128,0
DA:129,0
DA:131,0
DA:142,0
DA:143,0
DA:147,0
DA:151,0
DA:155,0
DA:159,0
DA:160,0
DA:161,0
LF:58
LH:0
BRDA:29,0,0,0
BRDA:30,1,0,0
BRDA:30,1,1,0
BRDA:36,2,0,0
BRDA:36,2,1,0
BRDA:38,3,0,0
BRDA:38,3,1,0
BRDA:44,4,0,0
BRDA:44,4,1,0
BRDA:50,5,0,0
BRDA:50,5,1,0
BRDA:53,6,0,0
BRDA:53,6,1,0
BRDA:69,7,0,0
BRDA:69,7,1,0
BRDA:73,8,0,0
BRDA:73,8,1,0
BRDA:75,9,0,0
BRDA:75,9,1,0
BRDA:85,10,0,0
BRDA:85,10,1,0
BRDA:87,11,0,0
BRDA:87,11,1,0
BRDA:96,12,0,0
BRDA:96,12,1,0
BRDA:96,13,0,0
BRDA:96,13,1,0
BRDA:98,14,0,0
BRDA:98,14,1,0
BRDA:98,15,0,0
BRDA:98,15,1,0
BRDA:121,16,0,0
BRDA:121,16,1,0
BRDA:159,17,0,0
BRDA:159,17,1,0
BRF:35
BRH:0
end_of_record
TN:
SF:src/poller.js
FN:10,(anonymous_0)
FN:40,(anonymous_1)
FN:63,(anonymous_2)
FN:64,(anonymous_3)
FN:72,(anonymous_4)
FN:109,(anonymous_5)
FN:152,(anonymous_6)
FN:207,(anonymous_7)
FN:235,(anonymous_8)
FN:283,(anonymous_9)
FN:298,(anonymous_10)
FNF:11
FNH:0
FNDA:0,(anonymous_0)
FNDA:0,(anonymous_1)
FNDA:0,(anonymous_2)
FNDA:0,(anonymous_3)
FNDA:0,(anonymous_4)
FNDA:0,(anonymous_5)
FNDA:0,(anonymous_6)
FNDA:0,(anonymous_7)
FNDA:0,(anonymous_8)
FNDA:0,(anonymous_9)
FNDA:0,(anonymous_10)
DA:1,0
DA:2,0
DA:11,0
DA:12,0
DA:15,0
DA:21,0
DA:22,0
DA:25,0
DA:41,0
DA:42,0
DA:43,0
DA:44,0
DA:45,0
DA:46,0
DA:48,0
DA:49,0
DA:50,0
DA:53,0
DA:55,0
DA:56,0
DA:60,0
DA:63,0
DA:64,0
DA:67,0
DA:70,0
DA:72,0
DA:73,0
DA:74,0
DA:76,0
DA:77,0
DA:78,0
DA:79,0
DA:80,0
DA:83,0
DA:84,0
DA:85,0
DA:86,0
DA:90,0
DA:91,0
DA:93,0
DA:96,0
DA:97,0
DA:98,0
DA:110,0
DA:112,0
DA:114,0
DA:115,0
DA:116,0
DA:120,0
DA:121,0
DA:122,0
DA:126,0
DA:127,0
DA:129,0
DA:130,0
DA:137,0
DA:140,0
DA:141,0
DA:153,0
DA:154,0
DA:157,0
DA:163,0
DA:168,0
DA:176,0
DA:178,0
DA:179,0
DA:182,0
DA:184,0
DA:185,0
DA:189,0
DA:190,0
DA:194,0
DA:195,0
DA:197,0
DA:208,0
DA:210,0
DA:211,0
DA:215,0
DA:216,0
DA:217,0
DA:218,0
DA:219,0
DA:222,0
DA:226,0
DA:227,0
DA:228,0
DA:231,0
DA:232,0
DA:235,0
DA:236,0
DA:237,0
DA:239,0
DA:241,0
DA:242,0
DA:244,0
DA:245,0
DA:247,0
DA:248,0
DA:250,0
DA:251,0
DA:253,0
DA:254,0
DA:256,0
DA:257,0
DA:259,0
DA:260,0
DA:262,0
DA:263,0
DA:265,0
DA:266,0
DA:270,0
DA:273,0
DA:274,0
DA:284,0
DA:299,0
DA:303,0
LF:116
LH:0
BRDA:10,0,0,0
BRDA:16,1,0,0
BRDA:16,1,1,0
BRDA:16,1,2,0
BRDA:21,2,0,0
BRDA:21,2,1,0
BRDA:48,3,0,0
BRDA:48,3,1,0
BRDA:48,4,0,0
BRDA:48,4,1,0
BRDA:73,5,0,0
BRDA:73,5,1,0
BRDA:73,6,0,0
BRDA:73,6,1,0
BRDA:76,7,0,0
BRDA:76,7,1,0
BRDA:79,8,0,0
BRDA:79,8,1,0
BRDA:84,9,0,0
BRDA:84,9,1,0
BRDA:114,10,0,0
BRDA:114,10,1,0
BRDA:120,11,0,0
BRDA:120,11,1,0
BRDA:129,12,0,0
BRDA:129,12,1,0
BRDA:170,13,0,0
BRDA:170,13,1,0
BRDA:178,14,0,0
BRDA:178,14,1,0
BRDA:178,15,0,0
BRDA:178,15,1,0
BRDA:184,16,0,0
BRDA:184,16,1,0
BRDA:194,17,0,0
BRDA:194,17,1,0
BRDA:194,18,0,0
BRDA:194,18,1,0
BRDA:210,19,0,0
BRDA:210,19,1,0
BRDA:216,20,0,0
BRDA:216,20,1,0
BRDA:218,21,0,0
BRDA:218,21,1,0
BRDA:226,22,0,0
BRDA:226,22,1,0
BRDA:239,23,0,0
BRDA:239,23,1,0
BRDA:239,23,2,0
BRDA:239,23,3,0
BRDA:239,23,4,0
BRDA:239,23,5,0
BRDA:239,23,6,0
BRDA:239,23,7,0
BRDA:239,23,8,0
BRF:55
BRH:0
end_of_record
TN:
SF:src/queue.js
FN:5,(anonymous_0)
FN:25,(anonymous_1)
FN:27,(anonymous_2)
FN:39,(anonymous_3)
FN:40,(anonymous_4)
FN:91,(anonymous_5)
FN:95,(anonymous_6)
FNF:7
FNH:0
FNDA:0,(anonymous_0)
FNDA:0,(anonymous_1)
FNDA:0,(anonymous_2)
FNDA:0,(anonymous_3)
FNDA:0,(anonymous_4)
FNDA:0,(anonymous_5)
FNDA:0,(anonymous_6)
DA:6,0
DA:8,0
DA:13,0
DA:14,0
DA:16,0
DA:17,0
DA:18,0
DA:19,0
DA:21,0
DA:22,0
DA:26,0
DA:27,0
DA:30,0
DA:33,0
DA:34,0
DA:37,0
DA:39,0
DA:40,0
DA:41,0
DA:42,0
DA:44,0
DA:46,0
DA:47,0
DA:48,0
DA:49,0
DA:50,0
DA:52,0
DA:54,0
DA:55,0
DA:56,0
DA:57,0
DA:59,0
DA:61,0
DA:66,0
DA:68,0
DA:69,0
DA:73,0
DA:74,0
DA:75,0
DA:78,0
DA:85,0
DA:86,0
DA:87,0
DA:92,0
DA:94,0
DA:95,0
LF:46
LH:0
BRDA:9,0,0,0
BRDA:9,0,1,0
BRDA:9,0,2,0
BRDA:33,1,0,0
BRDA:33,1,1,0
BRDA:49,2,0,0
BRDA:49,2,1,0
BRDA:56,3,0,0
BRDA:56,3,1,0
BRDA:74,4,0,0
BRDA:74,4,1,0
BRF:11
BRH:0
end_of_record
TN:
SF:src/registry.js
FN:1,createRegistry
FN:5,(anonymous_1)
FN:6,(anonymous_2)
FN:7,(anonymous_3)
FNF:4
FNH:0
FNDA:0,createRegistry
FNDA:0,(anonymous_1)
FNDA:0,(anonymous_2)
FNDA:0,(anonymous_3)
DA:2,0
DA:4,0
DA:5,0
DA:6,0
DA:7,0
LF:5
LH:0
BRF:0
BRH:0
end_of_record
TN:
SF:src/retry.js
FN:1,retry
FN:10,(anonymous_1)
FNF:2
FNH:0
FNDA:0,retry
FNDA:0,(anonymous_1)
DA:4,0
DA:5,0
DA:6,0
DA:8,0
DA:9,0
DA:10,0
DA:15,0
LF:7
LH:0
BRDA:1,0,0,0
BRDA:1,1,0,0
BRDA:9,2,0,0
BRDA:9,2,1,0
BRF:4
BRH:0
end_of_record
TN:
SF:src/rpc.js
FN:4,createRpc
FNF:1
FNH:0
FNDA:0,createRpc
DA:2,0
DA:5,0
DA:9,0
DA:13,0
DA:14,0
DA:16,0
DA:17,0
DA:22,0
DA:26,0
DA:29,0
DA:32,0
LF:11
LH:0
BRDA:16,0,0,0
BRDA:16,0,1,0
BRF:2
BRH:0
end_of_record
